0 info it worked if it ends with ok
1 verbose cli [ 'C:\\Program Files\\nodejs\\node.exe',
1 verbose cli   'C:\\Program Files\\nodejs\\node_modules\\npm\\bin\\npm-cli.js',
1 verbose cli   'start' ]
2 info using npm@3.10.9
3 info using node@v6.9.2
4 verbose run-script [ 'prestart', 'start', 'poststart' ]
5 info lifecycle expense-tracker-ui@0.0.0~prestart: expense-tracker-ui@0.0.0
6 verbose lifecycle expense-tracker-ui@0.0.0~prestart: unsafe-perm in lifecycle true
7 verbose lifecycle expense-tracker-ui@0.0.0~prestart: PATH: C:\Program Files\nodejs\node_modules\npm\bin\node-gyp-bin;C:\Java\GitHub\ET3\ExpenseTrackerUI\node_modules\.bin;C:\Users\bkup3133\AppData\Roaming\npm;C:\Program Files\nodejs\;C:\Program Files (x86)\Lenovo\FusionEngine;C:\WINDOWS\system32;C:\WINDOWS;C:\WINDOWS\System32\Wbem;C:\WINDOWS\System32\WindowsPowerShell\v1.0\;C:\Program Files (x86)\MySQL\MySQL Fabric 1.5 & MySQL Utilities 1.5\;C:\Program Files (x86)\MySQL\MySQL Fabric 1.5 & MySQL Utilities 1.5\Doctrine extensions for PHP\;C:\Program Files\Git\cmd;C:\Program Files\nodejs\;C:\Java\Ruby23\bin;C:\Program Files (x86)\Lenovo\FusionEngine;C:\WINDOWS\system32;C:\WINDOWS;C:\WINDOWS\System32\Wbem;C:\WINDOWS\System32\WindowsPowerShell\v1.0\;C:\Program Files (x86)\MySQL\MySQL Fabric 1.5 & MySQL Utilities 1.5\;C:\Program Files (x86)\MySQL\MySQL Fabric 1.5 & MySQL Utilities 1.5\Doctrine extensions for PHP\;C:\Program Files\Git\cmd;C:\Program Files\nodejs\;C:\Java\jdk1.8.0_72\bin;C:\Java\gradle-2.11\bin;C:\Program Files\MySQL\MySQL Server 5.7\bin;C:\Users\bkup3133\AppData\Local\Microsoft\WindowsApps;C:\Users\bkup3133\AppData\Roaming\npm
8 verbose lifecycle expense-tracker-ui@0.0.0~prestart: CWD: C:\Java\GitHub\ET3\ExpenseTrackerUI
9 silly lifecycle expense-tracker-ui@0.0.0~prestart: Args: [ '/d /s /c', 'npm install' ]
10 silly lifecycle expense-tracker-ui@0.0.0~prestart: Returned: code: 0  signal: null
11 info lifecycle expense-tracker-ui@0.0.0~start: expense-tracker-ui@0.0.0
12 verbose lifecycle expense-tracker-ui@0.0.0~start: unsafe-perm in lifecycle true
13 verbose lifecycle expense-tracker-ui@0.0.0~start: PATH: C:\Program Files\nodejs\node_modules\npm\bin\node-gyp-bin;C:\Java\GitHub\ET3\ExpenseTrackerUI\node_modules\.bin;C:\Users\bkup3133\AppData\Roaming\npm;C:\Program Files\nodejs\;C:\Program Files (x86)\Lenovo\FusionEngine;C:\WINDOWS\system32;C:\WINDOWS;C:\WINDOWS\System32\Wbem;C:\WINDOWS\System32\WindowsPowerShell\v1.0\;C:\Program Files (x86)\MySQL\MySQL Fabric 1.5 & MySQL Utilities 1.5\;C:\Program Files (x86)\MySQL\MySQL Fabric 1.5 & MySQL Utilities 1.5\Doctrine extensions for PHP\;C:\Program Files\Git\cmd;C:\Program Files\nodejs\;C:\Java\Ruby23\bin;C:\Program Files (x86)\Lenovo\FusionEngine;C:\WINDOWS\system32;C:\WINDOWS;C:\WINDOWS\System32\Wbem;C:\WINDOWS\System32\WindowsPowerShell\v1.0\;C:\Program Files (x86)\MySQL\MySQL Fabric 1.5 & MySQL Utilities 1.5\;C:\Program Files (x86)\MySQL\MySQL Fabric 1.5 & MySQL Utilities 1.5\Doctrine extensions for PHP\;C:\Program Files\Git\cmd;C:\Program Files\nodejs\;C:\Java\jdk1.8.0_72\bin;C:\Java\gradle-2.11\bin;C:\Program Files\MySQL\MySQL Server 5.7\bin;C:\Users\bkup3133\AppData\Local\Microsoft\WindowsApps;C:\Users\bkup3133\AppData\Roaming\npm
14 verbose lifecycle expense-tracker-ui@0.0.0~start: CWD: C:\Java\GitHub\ET3\ExpenseTrackerUI
15 silly lifecycle expense-tracker-ui@0.0.0~start: Args: [ '/d /s /c',
15 silly lifecycle   'http-server ./WebContent/webdev -a localhost -p 8020 -c-1' ]
16 verbose stack Error: kill ENOSYS
16 verbose stack     at exports._errnoException (util.js:1022:11)
16 verbose stack     at process.kill (internal/process.js:172:13)
16 verbose stack     at process.listener (C:\Program Files\nodejs\node_modules\npm\node_modules\npmlog\node_modules\gauge\node_modules\signal-exit\index.js:86:15)
16 verbose stack     at emitNone (events.js:91:20)
16 verbose stack     at process.emit (events.js:185:7)
16 verbose stack     at processEmit (C:\Program Files\nodejs\node_modules\npm\node_modules\npmlog\node_modules\gauge\node_modules\signal-exit\index.js:146:32)
16 verbose stack     at processEmit (C:\Program Files\nodejs\node_modules\npm\node_modules\npm-registry-client\node_modules\npmlog\node_modules\gauge\node_modules\signal-exit\index.js:146:32)
16 verbose stack     at Signal.wrap.onsignal (internal/process.js:199:44)
17 verbose cwd C:\Java\GitHub\ET3\ExpenseTrackerUI
18 error Windows_NT 10.0.14393
19 error argv "C:\\Program Files\\nodejs\\node.exe" "C:\\Program Files\\nodejs\\node_modules\\npm\\bin\\npm-cli.js" "start"
20 error node v6.9.2
21 error npm  v3.10.9
22 error code ENOSYS
23 error errno ENOSYS
24 error syscall kill
25 error kill ENOSYS
26 error If you need help, you may report this error at:
26 error     <https://github.com/npm/npm/issues>
27 verbose exit [ 1, true ]
